#
# A fatal error has been detected by the Java Runtime Environment:
#
#  Internal Error (classFileParser.cpp:3375), pid=4436, tid=1104
#  Error: ShouldNotReachHere()
#
# JRE version: 6.0_24-b07
# Java VM: Java HotSpot(TM) Client VM (19.1-b02 mixed mode windows-x86 )
# If you would like to submit a bug report, please visit:
#   http://java.sun.com/webapps/bugreport/crash.jsp
#

---------------  T H R E A D  ---------------

Current thread (0x003a9800):  JavaThread "Unknown thread" [_thread_in_vm, id=1104, stack(0x00340000,0x00390000)]

Stack: [0x00340000,0x00390000],  sp=0x0038f87c,  free space=318k
Native frames: (J=compiled Java code, j=interpreted, Vv=VM code, C=native code)
V  [jvm.dll+0x1fa487]
V  [jvm.dll+0xa337b]
V  [jvm.dll+0x747c8]
V  [jvm.dll+0x75fef]
V  [jvm.dll+0x1c9fc5]
V  [jvm.dll+0x1ca826]
V  [jvm.dll+0x1cabd5]
V  [jvm.dll+0x1cac69]
V  [jvm.dll+0x1cad2c]
V  [jvm.dll+0x1cadaa]
V  [jvm.dll+0x1cae8d]
V  [jvm.dll+0x1cb132]
V  [jvm.dll+0x1ea453]
V  [jvm.dll+0x1ea82c]
V  [jvm.dll+0xd9b4c]
V  [jvm.dll+0x1e3b96]
V  [jvm.dll+0x1033b0]
C  [javaw.exe+0x1657]
C  [javaw.exe+0x1e2c]
C  [javaw.exe+0x8614]
C  [kernel32.dll+0x51194]
C  [ntdll.dll+0x5b429]
C  [ntdll.dll+0x5b3fc]


---------------  P R O C E S S  ---------------

Java Threads: ( => current thread )

Other Threads:

=>0x003a9800 (exited) JavaThread "Unknown thread" [_thread_in_vm, id=1104, stack(0x00340000,0x00390000)]

VM state:not at safepoint (not fully initialized)

VM Mutex/Monitor currently owned by a thread: None

Dynamic libraries:
0x00400000 - 0x00424000 	C:\Program Files\Java\jre6\bin\javaw.exe
0x77ab0000 - 0x77bed000 	C:\Windows\SYSTEM32\ntdll.dll
0x779d0000 - 0x77aa4000 	C:\Windows\system32\kernel32.dll
0x75c80000 - 0x75cca000 	C:\Windows\system32\KERNELBASE.dll
0x77520000 - 0x775c0000 	C:\Windows\system32\ADVAPI32.dll
0x77250000 - 0x772fc000 	C:\Windows\system32\msvcrt.dll
0x760b0000 - 0x760c9000 	C:\Windows\SYSTEM32\sechost.dll
0x75f00000 - 0x75fa1000 	C:\Windows\system32\RPCRT4.dll
0x777a0000 - 0x77869000 	C:\Windows\system32\USER32.dll
0x77bf0000 - 0x77c3e000 	C:\Windows\system32\GDI32.dll
0x762b0000 - 0x762ba000 	C:\Windows\system32\LPK.dll
0x775c0000 - 0x7765d000 	C:\Windows\system32\USP10.dll
0x77390000 - 0x773af000 	C:\Windows\system32\IMM32.DLL
0x77870000 - 0x7793c000 	C:\Windows\system32\MSCTF.dll
0x7c340000 - 0x7c396000 	C:\Program Files\Java\jre6\bin\msvcr71.dll
0x6d7f0000 - 0x6da96000 	C:\Program Files\Java\jre6\bin\client\jvm.dll
0x741a0000 - 0x741d2000 	C:\Windows\system32\WINMM.dll
0x75b30000 - 0x75b7b000 	C:\Windows\system32\apphelp.dll
0x6d7a0000 - 0x6d7ac000 	C:\Program Files\Java\jre6\bin\verify.dll
0x6d320000 - 0x6d33f000 	C:\Program Files\Java\jre6\bin\java.dll
0x6d280000 - 0x6d288000 	C:\Program Files\Java\jre6\bin\hpi.dll
0x773b0000 - 0x773b5000 	C:\Windows\system32\PSAPI.DLL
0x6d7e0000 - 0x6d7ef000 	C:\Program Files\Java\jre6\bin\zip.dll

VM Arguments:
jvm_args: -Dfile.encoding=Cp1252 -Xbootclasspath:C:\Program Files\Android\android-sdk-windows\platforms\android-7\android.jar;C:\Program Files\Android\android-sdk-windows\add-ons\addon_google_apis_google_inc_7-1\libs\maps.jar 
java_command: com.vop.tools.script
Launcher Type: SUN_STANDARD

Environment Variables:
CLASSPATH=.;C:\Program Files\QuickTime\QTSystem\QTJava.zip
PATH=C:/Program Files/Java/jre6/bin/client;C:/Program Files/Java/jre6/bin;C:/Program Files/Java/jre6/lib/i386;C:\Program Files\Common Files\Microsoft Shared\Windows Live;C:\watcom-1.3\binnt;C:\watcom-1.3\binw;C:\Miktex\miktex\bin;C:\Program Files\NVIDIA Corporation\PhysX\Common;C:\Windows\system32;C:\Windows;C:\Windows\System32\Wbem;C:\Windows\System32\WindowsPowerShell\v1.0\;C:\Program Files\MATLAB\R2010a\runtime\win32;C:\Program Files\MATLAB\R2010a\bin;C:\Program Files\QuickTime\QTSystem\;C:\Program Files\Windows Live\Shared;C:\eclipse;
USERNAME=gbostoen
OS=Windows_NT
PROCESSOR_IDENTIFIER=x86 Family 6 Model 15 Stepping 10, GenuineIntel



---------------  S Y S T E M  ---------------

OS: Windows 7 Build 7600 

CPU:total 2 (2 cores per cpu, 1 threads per core) family 6 model 15 stepping 10, cmov, cx8, fxsr, mmx, sse, sse2, sse3, ssse3

Memory: 4k page, physical 2095544k(751120k free), swap 4191088k(2363616k free)

vm_info: Java HotSpot(TM) Client VM (19.1-b02) for windows-x86 JRE (1.6.0_24-b07), built on Feb  2 2011 17:44:41 by "java_re" with MS VC++ 7.1 (VS2003)

time: Wed Mar 23 13:19:08 2011
elapsed time: 0 seconds

